Flow report for Space-Invaders
Fri Dec 11 01:30:43 2020
Quartus Prime Version 18.1.0 Build 625 09/12/2018 SJ Lite Edition


---------------------
; Table of Contents ;
---------------------
  1. Legal Notice
  2. Flow Summary
  3. Flow Settings
  4. Flow Non-Default Global Settings
  5. Flow Elapsed Time
  6. Flow OS Summary
  7. Flow Log
  8. Flow Messages
  9. Flow Suppressed Messages



----------------
; Legal Notice ;
----------------
Copyright (C) 2018  Intel Corporation. All rights reserved.
Your use of Intel Corporation's design tools, logic functions 
and other software and tools, and its AMPP partner logic 
functions, and any output files from any of the foregoing 
(including device programming or simulation files), and any 
associated documentation or information are expressly subject 
to the terms and conditions of the Intel Program License 
Subscription Agreement, the Intel Quartus Prime License Agreement,
the Intel FPGA IP License Agreement, or other applicable license
agreement, including, without limitation, that your use is for
the sole purpose of programming logic devices manufactured by
Intel and sold by Intel or its authorized distributors.  Please
refer to the applicable agreement for further details.



+----------------------------------------------------------------------------------+
; Flow Summary                                                                     ;
+------------------------------------+---------------------------------------------+
; Flow Status                        ; Successful - Fri Dec 11 01:30:06 2020       ;
; Quartus Prime Version              ; 18.1.0 Build 625 09/12/2018 SJ Lite Edition ;
; Revision Name                      ; Space-Invaders                              ;
; Top-level Entity Name              ; lab8                                        ;
; Family                             ; MAX 10                                      ;
; Device                             ; 10M50DAF484C7G                              ;
; Timing Models                      ; Final                                       ;
; Total logic elements               ; 3,860 / 49,760 ( 8 % )                      ;
;     Total combinational functions  ; 3,274 / 49,760 ( 7 % )                      ;
;     Dedicated logic registers      ; 2,423 / 49,760 ( 5 % )                      ;
; Total registers                    ; 2492                                        ;
; Total pins                         ; 141 / 360 ( 39 % )                          ;
; Total virtual pins                 ; 0                                           ;
; Total memory bits                  ; 11,392 / 1,677,312 ( < 1 % )                ;
; Embedded Multiplier 9-bit elements ; 0 / 288 ( 0 % )                             ;
; Total PLLs                         ; 1 / 4 ( 25 % )                              ;
; UFM blocks                         ; 0 / 1 ( 0 % )                               ;
; ADC blocks                         ; 0 / 2 ( 0 % )                               ;
+------------------------------------+---------------------------------------------+


+-----------------------------------------+
; Flow Settings                           ;
+-------------------+---------------------+
; Option            ; Setting             ;
+-------------------+---------------------+
; Start date & time ; 12/11/2020 01:24:05 ;
; Main task         ; Compilation         ;
; Revision Name     ; Space-Invaders      ;
+-------------------+---------------------+


+----------------------------------------------------------------------------------------------------------------------------------------------------+
; Flow Non-Default Global Settings                                                                                                                   ;
+-------------------------------------+------------------------------------------------------------+----------------+-------------------+------------+
; Assignment Name                     ; Value                                                      ; Default Value  ; Entity Name       ; Section Id ;
+-------------------------------------+------------------------------------------------------------+----------------+-------------------+------------+
; COMPILER_SIGNATURE_ID               ; 273105148273801.160762464401576                            ; --             ; --                ; --         ;
; MAX_CORE_JUNCTION_TEMP              ; 85                                                         ; --             ; --                ; --         ;
; MIN_CORE_JUNCTION_TEMP              ; 0                                                          ; --             ; --                ; --         ;
; MISC_FILE                           ; lab8_soc/synthesis/../lab8_soc.cmp                         ; --             ; --                ; --         ;
; MISC_FILE                           ; lab8_soc/synthesis/../../lab8_soc.qsys                     ; --             ; --                ; --         ;
; OUTPUT_IO_TIMING_FAR_END_VMEAS      ; Half Signal Swing                                          ; --             ; --                ; --         ;
; OUTPUT_IO_TIMING_FAR_END_VMEAS      ; Half Signal Swing                                          ; --             ; --                ; --         ;
; OUTPUT_IO_TIMING_NEAR_END_VMEAS     ; Half Vccio                                                 ; --             ; --                ; --         ;
; OUTPUT_IO_TIMING_NEAR_END_VMEAS     ; Half Vccio                                                 ; --             ; --                ; --         ;
; PARTITION_COLOR                     ; -- (Not supported for targeted family)                     ; --             ; DE10_LITE_Default ; Top        ;
; PARTITION_COLOR                     ; -- (Not supported for targeted family)                     ; --             ; lab8              ; Top        ;
; PARTITION_FITTER_PRESERVATION_LEVEL ; -- (Not supported for targeted family)                     ; --             ; DE10_LITE_Default ; Top        ;
; PARTITION_FITTER_PRESERVATION_LEVEL ; -- (Not supported for targeted family)                     ; --             ; lab8              ; Top        ;
; PARTITION_NETLIST_TYPE              ; -- (Not supported for targeted family)                     ; --             ; DE10_LITE_Default ; Top        ;
; PARTITION_NETLIST_TYPE              ; -- (Not supported for targeted family)                     ; --             ; lab8              ; Top        ;
; POWER_BOARD_THERMAL_MODEL           ; None (CONSERVATIVE)                                        ; --             ; --                ; --         ;
; POWER_PRESET_COOLING_SOLUTION       ; 23 MM HEAT SINK WITH 200 LFPM AIRFLOW                      ; --             ; --                ; --         ;
; PROJECT_OUTPUT_DIRECTORY            ; output_files                                               ; --             ; --                ; --         ;
; SLD_FILE                            ; lab8_soc/synthesis/lab8_soc.regmap                         ; --             ; --                ; --         ;
; SLD_FILE                            ; lab8_soc/synthesis/lab8_soc.debuginfo                      ; --             ; --                ; --         ;
; SLD_INFO                            ; QSYS_NAME lab8_soc HAS_SOPCINFO 1 GENERATION_ID 1607423031 ; --             ; lab8_soc          ; --         ;
; SOPCINFO_FILE                       ; lab8_soc/synthesis/../../lab8_soc.sopcinfo                 ; --             ; --                ; --         ;
; SYNTHESIS_ONLY_QIP                  ; On                                                         ; --             ; --                ; --         ;
; TOP_LEVEL_ENTITY                    ; lab8                                                       ; Space-Invaders ; --                ; --         ;
+-------------------------------------+------------------------------------------------------------+----------------+-------------------+------------+


+--------------------------------------------------------------------------------------------------------------------------+
; Flow Elapsed Time                                                                                                        ;
+----------------------+--------------+-------------------------+---------------------+------------------------------------+
; Module Name          ; Elapsed Time ; Average Processors Used ; Peak Virtual Memory ; Total CPU Time (on all processors) ;
+----------------------+--------------+-------------------------+---------------------+------------------------------------+
; Analysis & Synthesis ; 00:03:48     ; 1.0                     ; 4966 MB             ; 00:03:29                           ;
; Fitter               ; 00:01:34     ; 1.2                     ; 5417 MB             ; 00:01:37                           ;
; Assembler            ; 00:00:13     ; 1.0                     ; 4697 MB             ; 00:00:09                           ;
; Timing Analyzer      ; 00:00:34     ; 1.3                     ; 4838 MB             ; 00:00:29                           ;
; Total                ; 00:06:09     ; --                      ; --                  ; 00:05:44                           ;
+----------------------+--------------+-------------------------+---------------------+------------------------------------+


+------------------------------------------------------------------------------------+
; Flow OS Summary                                                                    ;
+----------------------+------------------+------------+------------+----------------+
; Module Name          ; Machine Hostname ; OS Name    ; OS Version ; Processor type ;
+----------------------+------------------+------------+------------+----------------+
; Analysis & Synthesis ; LAPTOP-FVIIQ0E9  ; Windows 10 ; 10.0       ; x86_64         ;
; Fitter               ; LAPTOP-FVIIQ0E9  ; Windows 10 ; 10.0       ; x86_64         ;
; Assembler            ; LAPTOP-FVIIQ0E9  ; Windows 10 ; 10.0       ; x86_64         ;
; Timing Analyzer      ; LAPTOP-FVIIQ0E9  ; Windows 10 ; 10.0       ; x86_64         ;
+----------------------+------------------+------------+------------+----------------+


------------
; Flow Log ;
------------
quartus_map --read_settings_files=on --write_settings_files=off Space-Invaders -c Space-Invaders
quartus_fit --read_settings_files=off --write_settings_files=off Space-Invaders -c Space-Invaders
quartus_asm --read_settings_files=off --write_settings_files=off Space-Invaders -c Space-Invaders
quartus_sta Space-Invaders -c Space-Invaders



